<?xml version="1.0" encoding="UTF-8"?>
<!-- Generated by org.testng.reporters.JUnitReportReporter -->
<testsuite hostname="IBM-8R0NH24" failures="0" tests="1" name="Training.Seli_Ass_1" time="5.038" errors="0" timestamp="2024-07-18T10:29:40 IST" skipped="0">
  <testcase classname="Training.Seli_Ass_1" name="testcase" time="5.038"/>
</testsuite> <!-- Training.Seli_Ass_1 -->
