<?xml version="1.0" encoding="UTF-8"?>
<!-- Generated by org.testng.reporters.JUnitReportReporter -->
<testsuite hostname="IBM-8R0NH24" failures="0" tests="3" name="Introduction.anoo" time="0.016" errors="0" timestamp="2024-07-16T14:43:00 IST" skipped="0">
  <testcase classname="Introduction.anoo" name="testCase3" time="0.003"/>
  <testcase classname="Introduction.anoo" name="testCase2" time="0.003"/>
  <testcase classname="Introduction.anoo" name="testCase1" time="0.010"/>
</testsuite> <!-- Introduction.anoo -->
