<?xml version="1.0" encoding="UTF-8"?>
<!-- Generated by org.testng.reporters.JUnitReportReporter -->
<testsuite hostname="IBM-8R0NH24" failures="0" tests="3" name="Introduction.Day1_class" time="0.014" errors="0" timestamp="2024-07-16T14:40:02 IST" skipped="0">
  <testcase classname="Introduction.Day1_class" name="testCase3" time="0.004"/>
  <testcase classname="Introduction.Day1_class" name="testCase2" time="0.001"/>
  <testcase classname="Introduction.Day1_class" name="testCase1" time="0.009"/>
</testsuite> <!-- Introduction.Day1_class -->
