<?xml version="1.0" encoding="UTF-8"?>
<!-- Generated by org.testng.reporters.JUnitReportReporter -->
<testsuite hostname="IBM-8R0NH24" failures="0" tests="1" name="Introduction.hardassert" time="0.018" errors="0" timestamp="2024-07-16T15:31:26 IST" skipped="0">
  <testcase classname="Introduction.hardassert" name="testCase1" time="0.018"/>
</testsuite> <!-- Introduction.hardassert -->
